#
# There is insufficient memory for the Java Runtime Environment to continue.
# Native memory allocation (malloc) failed to allocate 32744 bytes for Chunk::new
# Possible reasons:
#   The system is out of physical RAM or swap space
#   The process is running with CompressedOops enabled, and the Java Heap may be blocking the growth of the native heap
# Possible solutions:
#   Reduce memory load on the system
#   Increase physical memory or swap space
#   Check if swap backing store is full
#   Decrease Java heap size (-Xmx/-Xms)
#   Decrease number of Java threads
#   Decrease Java thread stack sizes (-Xss)
#   Set larger code cache with -XX:ReservedCodeCacheSize=
#   JVM is running with Unscaled Compressed Oops mode in which the Java heap is
#     placed in the first 4GB address space. The Java Heap base address is the
#     maximum limit for the native heap growth. Please use -XX:HeapBaseMinAddress
#     to set the Java Heap base and to place the Java Heap above 4GB virtual address.
# This output file may be truncated or incomplete.
#
#  Out of Memory Error (arena.cpp:184), pid=12452, tid=123244
#
# JRE version: Java(TM) SE Runtime Environment (18.0.1.1+2) (build 18.0.1.1+2-6)
# Java VM: Java HotSpot(TM) 64-Bit Server VM (18.0.1.1+2-6, mixed mode, sharing, tiered, compressed oops, compressed class ptrs, g1 gc, windows-amd64)
# No core dump will be written. Minidumps are not enabled by default on client versions of Windows
#

---------------  S U M M A R Y ------------

Command Line: -ea -Dfile.encoding=UTF-8 -XX:+ShowCodeDetailsInExceptionMessages org.testng.remote.RemoteTestNG -serport 57801 -protocol json -d C:\Users\91849\seleniumProject\Tide\test-output C:\Users\91849\seleniumProject\Tide\testng.xml

Host: 11th Gen Intel(R) Core(TM) i3-1115G4 @ 3.00GHz, 4 cores, 7G,  Windows 11 , 64 bit Build 22000 (10.0.22000.708)
Time: Thu Jul 28 22:32:05 2022 India Standard Time elapsed time: 5.483863 seconds (0d 0h 0m 5s)

---------------  T H R E A D  ---------------

Current thread (0x000002437e5fb010):  JavaThread "C2 CompilerThread0" daemon [_thread_in_native, id=123244, stack(0x000000bcb5100000,0x000000bcb5200000)]


Current CompileTask:
C2:   5483 1899       4       java.util.AbstractCollection::<init> (5 bytes)

Stack: [0x000000bcb5100000,0x000000bcb5200000]
Native frames: (J=compiled Java code, j=interpreted, Vv=VM code, C=native code)
V  [jvm.dll+0x69887a]
V  [jvm.dll+0x7f38bd]
V  [jvm.dll+0x7f51ce]
V  [jvm.dll+0x7f5883]
V  [jvm.dll+0x25ca3f]
V  [jvm.dll+0xb8c2f]
V  [jvm.dll+0xb8fa5]
V  [jvm.dll+0x23091b]
V  [jvm.dll+0x22e71e]
V  [jvm.dll+0x1b9cfc]
V  [jvm.dll+0x23e8ca]
V  [jvm.dll+0x23cbb5]
V  [jvm.dll+0x7a5fb1]
V  [jvm.dll+0x7a03ea]
V  [jvm.dll+0x697725]
C  [ucrtbase.dll+0x26c0c]
C  [KERNEL32.DLL+0x154e0]
C  [ntdll.dll+0x485b]


---------------  P R O C E S S  ---------------

Threads class SMR info:
_java_thread_list=0x00000243046e65e0, length=23, elements={
0x0000024360db4aa0, 0x000002437e5d8650, 0x000002437e5d8ff0, 0x000002437e5f1140,
0x000002437e5f1ae0, 0x000002437e5f4490, 0x000002437e5f6e40, 0x000002437e5fb010,
0x000002437e607a60, 0x000002437e5fcdf0, 0x000002437e8367c0, 0x000002437e839310,
0x000002437ec83420, 0x000002437f1a7c60, 0x000002437edbfd80, 0x000002437edc0240,
0x000002437f2d8020, 0x000002437f2da4f0, 0x000002437f2db000, 0x0000024304090c50,
0x00000243040915f0, 0x0000024304090780, 0x000002430408f910
}

Java Threads: ( => current thread )
  0x0000024360db4aa0 JavaThread "Forwarding deleteAllCookies on session d70eb6a56673f2282140e9b9a8423e7c to remote" [_thread_in_native, id=117832, stack(0x000000bcb4400000,0x000000bcb4500000)]
  0x000002437e5d8650 JavaThread "Reference Handler" daemon [_thread_blocked, id=107056, stack(0x000000bcb4b00000,0x000000bcb4c00000)]
  0x000002437e5d8ff0 JavaThread "Finalizer" daemon [_thread_blocked, id=119524, stack(0x000000bcb4c00000,0x000000bcb4d00000)]
  0x000002437e5f1140 JavaThread "Signal Dispatcher" daemon [_thread_blocked, id=125272, stack(0x000000bcb4d00000,0x000000bcb4e00000)]
  0x000002437e5f1ae0 JavaThread "Attach Listener" daemon [_thread_blocked, id=108872, stack(0x000000bcb4e00000,0x000000bcb4f00000)]
  0x000002437e5f4490 JavaThread "Service Thread" daemon [_thread_blocked, id=125964, stack(0x000000bcb4f00000,0x000000bcb5000000)]
  0x000002437e5f6e40 JavaThread "Monitor Deflation Thread" daemon [_thread_blocked, id=126148, stack(0x000000bcb5000000,0x000000bcb5100000)]
=>0x000002437e5fb010 JavaThread "C2 CompilerThread0" daemon [_thread_in_native, id=123244, stack(0x000000bcb5100000,0x000000bcb5200000)]
  0x000002437e607a60 JavaThread "C1 CompilerThread0" daemon [_thread_in_native, id=123916, stack(0x000000bcb5200000,0x000000bcb5300000)]
  0x000002437e5fcdf0 JavaThread "Sweeper thread" daemon [_thread_blocked, id=123892, stack(0x000000bcb5300000,0x000000bcb5400000)]
  0x000002437e8367c0 JavaThread "Notification Thread" daemon [_thread_blocked, id=124216, stack(0x000000bcb5400000,0x000000bcb5500000)]
  0x000002437e839310 JavaThread "Common-Cleaner" daemon [_thread_blocked, id=118808, stack(0x000000bcb5600000,0x000000bcb5700000)]
  0x000002437ec83420 JavaThread "ReaderThread" [_thread_in_native, id=125036, stack(0x000000bcb5800000,0x000000bcb5900000)]
  0x000002437f1a7c60 JavaThread "ForkJoinPool.commonPool-worker-1" daemon [_thread_blocked, id=123840, stack(0x000000bcb5d00000,0x000000bcb5e00000)]
  0x000002437edbfd80 JavaThread "ForkJoinPool.commonPool-worker-2" daemon [_thread_blocked, id=123808, stack(0x000000bcb5e00000,0x000000bcb5f00000)]
  0x000002437edc0240 JavaThread "ForkJoinPool.commonPool-worker-3" daemon [_thread_blocked, id=68104, stack(0x000000bcb5f00000,0x000000bcb6000000)]
  0x000002437f2d8020 JavaThread "Exec Default Executor" daemon [_thread_in_native, id=34556, stack(0x000000bcb6100000,0x000000bcb6200000)]
  0x000002437f2da4f0 JavaThread "UrlChecker-2" daemon [_thread_blocked, id=100952, stack(0x000000bcb6200000,0x000000bcb6300000)]
  0x000002437f2db000 JavaThread "Exec Stream Pumper" daemon [_thread_in_native, id=79220, stack(0x000000bcb6300000,0x000000bcb6400000)]
  0x0000024304090c50 JavaThread "Exec Stream Pumper" daemon [_thread_in_native, id=120092, stack(0x000000bcb6400000,0x000000bcb6500000)]
  0x00000243040915f0 JavaThread "Keep-Alive-Timer" daemon [_thread_blocked, id=117472, stack(0x000000bcb6000000,0x000000bcb6100000)]
  0x0000024304090780 JavaThread "OkHttp ConnectionPool" daemon [_thread_blocked, id=82724, stack(0x000000bcb6600000,0x000000bcb6700000)]
  0x000002430408f910 JavaThread "Okio Watchdog" daemon [_thread_blocked, id=9740, stack(0x000000bcb6700000,0x000000bcb6800000)]

Other Threads:
  0x000002437e5d4de0 VMThread "VM Thread" [stack: 0x000000bcb4a00000,0x000000bcb4b00000] [id=112820]
  0x000002437e8390a0 WatcherThread "VM Periodic Task Thread" [stack: 0x000000bcb5500000,0x000000bcb5600000] [id=114240]
  0x0000024360e15950 WorkerThread "GC Thread#0" [stack: 0x000000bcb4500000,0x000000bcb4600000] [id=123024]
  0x000002437f157250 WorkerThread "GC Thread#1" [stack: 0x000000bcb5900000,0x000000bcb5a00000] [id=125404]
  0x000002437f1574f0 WorkerThread "GC Thread#2" [stack: 0x000000bcb5a00000,0x000000bcb5b00000] [id=124424]
  0x000002437f157790 WorkerThread "GC Thread#3" [stack: 0x000000bcb5b00000,0x000000bcb5c00000] [id=123168]
  0x0000024360e26240 ConcurrentGCThread "G1 Main Marker" [stack: 0x000000bcb4600000,0x000000bcb4700000] [id=324]
  0x0000024360e273d0 WorkerThread "G1 Conc#0" [stack: 0x000000bcb4700000,0x000000bcb4800000] [id=101032]
  0x0000024360e7e510 ConcurrentGCThread "G1 Refine#0" [stack: 0x000000bcb4800000,0x000000bcb4900000] [id=106796]
  0x000002437f157a30 ConcurrentGCThread "G1 Refine#1" [stack: 0x000000bcb5c00000,0x000000bcb5d00000] [id=18148]
  0x000002437e48d150 ConcurrentGCThread "G1 Service" [stack: 0x000000bcb4900000,0x000000bcb4a00000] [id=88380]

Threads with active compile tasks:
C2 CompilerThread0     5509 1899       4       java.util.AbstractCollection::<init> (5 bytes)
C1 CompilerThread0     5509 1900       3       com.google.common.collect.AbstractMapEntry::<init> (5 bytes)

VM state: not at safepoint (normal execution)

VM Mutex/Monitor currently owned by a thread: None

Heap address: 0x0000000083200000, size: 1998 MB, Compressed Oops mode: 32-bit

CDS archive(s) mapped at: [0x0000000800000000-0x0000000800ba0000-0x0000000800ba0000), size 12189696, SharedBaseAddress: 0x0000000800000000, ArchiveRelocationMode: 0.
Compressed class space mapped at: 0x0000000800c00000-0x0000000840c00000, reserved size: 1073741824
Narrow klass base: 0x0000000800000000, Narrow klass shift: 0, Narrow klass range: 0x100000000

GC Precious Log:
 CardTable entry size: 512
 Card Set container configuration: InlinePtr #cards 5 size 8 Array Of Cards #cards 12 size 40 Howl #buckets 4 coarsen threshold 1843 Howl Bitmap #cards 512 size 80 coarsen threshold 460 Card regions per heap region 1 cards per card region 2048
 CPUs: 4 total, 4 available
 Memory: 7991M
 Large Page Support: Disabled
 NUMA Support: Disabled
 Compressed Oops: Enabled (32-bit)
 Heap Region Size: 1M
 Heap Min Capacity: 8M
 Heap Initial Capacity: 126M
 Heap Max Capacity: 1998M
 Pre-touch: Disabled
 Parallel Workers: 4
 Concurrent Workers: 1
 Concurrent Refinement Workers: 4
 Periodic GC: Disabled

Heap:
 garbage-first heap   total 129024K, used 21727K [0x0000000083200000, 0x0000000100000000)
  region size 1024K, 17 young (17408K), 2 survivors (2048K)
 Metaspace       used 14579K, committed 14848K, reserved 1114112K
  class space    used 1711K, committed 1856K, reserved 1048576K

Heap Regions: E=young(eden), S=young(survivor), O=old, HS=humongous(starts), HC=humongous(continues), CS=collection set, F=free, OA=open archive, CA=closed archive, TAMS=top-at-mark-start (previous, next)
|   0|0x0000000083200000, 0x0000000083300000, 0x0000000083300000|100%|HS|  |TAMS 0x0000000083200000, 0x0000000083200000| Complete 
|   1|0x0000000083300000, 0x0000000083400000, 0x0000000083400000|100%| O|  |TAMS 0x0000000083300000, 0x0000000083300000| Untracked 
|   2|0x0000000083400000, 0x0000000083500000, 0x0000000083500000|100%| O|  |TAMS 0x0000000083400000, 0x0000000083400000| Untracked 
|   3|0x0000000083500000, 0x0000000083600000, 0x0000000083600000|100%| O|  |TAMS 0x0000000083500000, 0x0000000083500000| Untracked 
|   4|0x0000000083600000, 0x0000000083700000, 0x0000000083700000|100%| O|  |TAMS 0x0000000083600000, 0x0000000083600000| Untracked 
|   5|0x0000000083700000, 0x0000000083737e00, 0x0000000083800000| 21%| O|  |TAMS 0x0000000083700000, 0x0000000083700000| Untracked 
|   6|0x0000000083800000, 0x0000000083800000, 0x0000000083900000|  0%| F|  |TAMS 0x0000000083800000, 0x0000000083800000| Untracked 
|   7|0x0000000083900000, 0x0000000083900000, 0x0000000083a00000|  0%| F|  |TAMS 0x0000000083900000, 0x0000000083900000| Untracked 
|   8|0x0000000083a00000, 0x0000000083a00000, 0x0000000083b00000|  0%| F|  |TAMS 0x0000000083a00000, 0x0000000083a00000| Untracked 
|   9|0x0000000083b00000, 0x0000000083b00000, 0x0000000083c00000|  0%| F|  |TAMS 0x0000000083b00000, 0x0000000083b00000| Untracked 
|  10|0x0000000083c00000, 0x0000000083c00000, 0x0000000083d00000|  0%| F|  |TAMS 0x0000000083c00000, 0x0000000083c00000| Untracked 
|  11|0x0000000083d00000, 0x0000000083d00000, 0x0000000083e00000|  0%| F|  |TAMS 0x0000000083d00000, 0x0000000083d00000| Untracked 
|  12|0x0000000083e00000, 0x0000000083e00000, 0x0000000083f00000|  0%| F|  |TAMS 0x0000000083e00000, 0x0000000083e00000| Untracked 
|  13|0x0000000083f00000, 0x0000000083f00000, 0x0000000084000000|  0%| F|  |TAMS 0x0000000083f00000, 0x0000000083f00000| Untracked 
|  14|0x0000000084000000, 0x0000000084000000, 0x0000000084100000|  0%| F|  |TAMS 0x0000000084000000, 0x0000000084000000| Untracked 
|  15|0x0000000084100000, 0x0000000084100000, 0x0000000084200000|  0%| F|  |TAMS 0x0000000084100000, 0x0000000084100000| Untracked 
|  16|0x0000000084200000, 0x0000000084200000, 0x0000000084300000|  0%| F|  |TAMS 0x0000000084200000, 0x0000000084200000| Untracked 
|  17|0x0000000084300000, 0x0000000084300000, 0x0000000084400000|  0%| F|  |TAMS 0x0000000084300000, 0x0000000084300000| Untracked 
|  18|0x0000000084400000, 0x0000000084400000, 0x0000000084500000|  0%| F|  |TAMS 0x0000000084400000, 0x0000000084400000| Untracked 
|  19|0x0000000084500000, 0x0000000084500000, 0x0000000084600000|  0%| F|  |TAMS 0x0000000084500000, 0x0000000084500000| Untracked 
|  20|0x0000000084600000, 0x0000000084600000, 0x0000000084700000|  0%| F|  |TAMS 0x0000000084600000, 0x0000000084600000| Untracked 
|  21|0x0000000084700000, 0x0000000084700000, 0x0000000084800000|  0%| F|  |TAMS 0x0000000084700000, 0x0000000084700000| Untracked 
|  22|0x0000000084800000, 0x0000000084800000, 0x0000000084900000|  0%| F|  |TAMS 0x0000000084800000, 0x0000000084800000| Untracked 
|  23|0x0000000084900000, 0x0000000084900000, 0x0000000084a00000|  0%| F|  |TAMS 0x0000000084900000, 0x0000000084900000| Untracked 
|  24|0x0000000084a00000, 0x0000000084a00000, 0x0000000084b00000|  0%| F|  |TAMS 0x0000000084a00000, 0x0000000084a00000| Untracked 
|  25|0x0000000084b00000, 0x0000000084b00000, 0x0000000084c00000|  0%| F|  |TAMS 0x0000000084b00000, 0x0000000084b00000| Untracked 
|  26|0x0000000084c00000, 0x0000000084c00000, 0x0000000084d00000|  0%| F|  |TAMS 0x0000000084c00000, 0x0000000084c00000| Untracked 
|  27|0x0000000084d00000, 0x0000000084d00000, 0x0000000084e00000|  0%| F|  |TAMS 0x0000000084d00000, 0x0000000084d00000| Untracked 
|  28|0x0000000084e00000, 0x0000000084e00000, 0x0000000084f00000|  0%| F|  |TAMS 0x0000000084e00000, 0x0000000084e00000| Untracked 
|  29|0x0000000084f00000, 0x0000000084f00000, 0x0000000085000000|  0%| F|  |TAMS 0x0000000084f00000, 0x0000000084f00000| Untracked 
|  30|0x0000000085000000, 0x0000000085000000, 0x0000000085100000|  0%| F|  |TAMS 0x0000000085000000, 0x0000000085000000| Untracked 
|  31|0x0000000085100000, 0x0000000085100000, 0x0000000085200000|  0%| F|  |TAMS 0x0000000085100000, 0x0000000085100000| Untracked 
|  32|0x0000000085200000, 0x0000000085200000, 0x0000000085300000|  0%| F|  |TAMS 0x0000000085200000, 0x0000000085200000| Untracked 
|  33|0x0000000085300000, 0x0000000085300000, 0x0000000085400000|  0%| F|  |TAMS 0x0000000085300000, 0x0000000085300000| Untracked 
|  34|0x0000000085400000, 0x0000000085400000, 0x0000000085500000|  0%| F|  |TAMS 0x0000000085400000, 0x0000000085400000| Untracked 
|  35|0x0000000085500000, 0x0000000085500000, 0x0000000085600000|  0%| F|  |TAMS 0x0000000085500000, 0x0000000085500000| Untracked 
|  36|0x0000000085600000, 0x0000000085600000, 0x0000000085700000|  0%| F|  |TAMS 0x0000000085600000, 0x0000000085600000| Untracked 
|  37|0x0000000085700000, 0x0000000085700000, 0x0000000085800000|  0%| F|  |TAMS 0x0000000085700000, 0x0000000085700000| Untracked 
|  38|0x0000000085800000, 0x0000000085800000, 0x0000000085900000|  0%| F|  |TAMS 0x0000000085800000, 0x0000000085800000| Untracked 
|  39|0x0000000085900000, 0x0000000085900000, 0x0000000085a00000|  0%| F|  |TAMS 0x0000000085900000, 0x0000000085900000| Untracked 
|  40|0x0000000085a00000, 0x0000000085a00000, 0x0000000085b00000|  0%| F|  |TAMS 0x0000000085a00000, 0x0000000085a00000| Untracked 
|  41|0x0000000085b00000, 0x0000000085b00000, 0x0000000085c00000|  0%| F|  |TAMS 0x0000000085b00000, 0x0000000085b00000| Untracked 
|  42|0x0000000085c00000, 0x0000000085c00000, 0x0000000085d00000|  0%| F|  |TAMS 0x0000000085c00000, 0x0000000085c00000| Untracked 
|  43|0x0000000085d00000, 0x0000000085d00000, 0x0000000085e00000|  0%| F|  |TAMS 0x0000000085d00000, 0x0000000085d00000| Untracked 
|  44|0x0000000085e00000, 0x0000000085e00000, 0x0000000085f00000|  0%| F|  |TAMS 0x0000000085e00000, 0x0000000085e00000| Untracked 
|  45|0x0000000085f00000, 0x0000000085f00000, 0x0000000086000000|  0%| F|  |TAMS 0x0000000085f00000, 0x0000000085f00000| Untracked 
|  46|0x0000000086000000, 0x0000000086000000, 0x0000000086100000|  0%| F|  |TAMS 0x0000000086000000, 0x0000000086000000| Untracked 
|  47|0x0000000086100000, 0x0000000086100000, 0x0000000086200000|  0%| F|  |TAMS 0x0000000086100000, 0x0000000086100000| Untracked 
|  48|0x0000000086200000, 0x0000000086200000, 0x0000000086300000|  0%| F|  |TAMS 0x0000000086200000, 0x0000000086200000| Untracked 
|  49|0x0000000086300000, 0x0000000086300000, 0x0000000086400000|  0%| F|  |TAMS 0x0000000086300000, 0x0000000086300000| Untracked 
|  50|0x0000000086400000, 0x0000000086400000, 0x0000000086500000|  0%| F|  |TAMS 0x0000000086400000, 0x0000000086400000| Untracked 
|  51|0x0000000086500000, 0x0000000086500000, 0x0000000086600000|  0%| F|  |TAMS 0x0000000086500000, 0x0000000086500000| Untracked 
|  52|0x0000000086600000, 0x0000000086600000, 0x0000000086700000|  0%| F|  |TAMS 0x0000000086600000, 0x0000000086600000| Untracked 
|  53|0x0000000086700000, 0x0000000086700000, 0x0000000086800000|  0%| F|  |TAMS 0x0000000086700000, 0x0000000086700000| Untracked 
|  54|0x0000000086800000, 0x0000000086800000, 0x0000000086900000|  0%| F|  |TAMS 0x0000000086800000, 0x0000000086800000| Untracked 
|  55|0x0000000086900000, 0x0000000086900000, 0x0000000086a00000|  0%| F|  |TAMS 0x0000000086900000, 0x0000000086900000| Untracked 
|  56|0x0000000086a00000, 0x0000000086a00000, 0x0000000086b00000|  0%| F|  |TAMS 0x0000000086a00000, 0x0000000086a00000| Untracked 
|  57|0x0000000086b00000, 0x0000000086b00000, 0x0000000086c00000|  0%| F|  |TAMS 0x0000000086b00000, 0x0000000086b00000| Untracked 
|  58|0x0000000086c00000, 0x0000000086c00000, 0x0000000086d00000|  0%| F|  |TAMS 0x0000000086c00000, 0x0000000086c00000| Untracked 
|  59|0x0000000086d00000, 0x0000000086d00000, 0x0000000086e00000|  0%| F|  |TAMS 0x0000000086d00000, 0x0000000086d00000| Untracked 
|  60|0x0000000086e00000, 0x0000000086e00000, 0x0000000086f00000|  0%| F|  |TAMS 0x0000000086e00000, 0x0000000086e00000| Untracked 
|  61|0x0000000086f00000, 0x0000000086f00000, 0x0000000087000000|  0%| F|  |TAMS 0x0000000086f00000, 0x0000000086f00000| Untracked 
|  62|0x0000000087000000, 0x0000000087000000, 0x0000000087100000|  0%| F|  |TAMS 0x0000000087000000, 0x0000000087000000| Untracked 
|  63|0x0000000087100000, 0x0000000087100000, 0x0000000087200000|  0%| F|  |TAMS 0x0000000087100000, 0x0000000087100000| Untracked 
|  64|0x0000000087200000, 0x0000000087200000, 0x0000000087300000|  0%| F|  |TAMS 0x0000000087200000, 0x0000000087200000| Untracked 
|  65|0x0000000087300000, 0x0000000087300000, 0x0000000087400000|  0%| F|  |TAMS 0x0000000087300000, 0x0000000087300000| Untracked 
|  66|0x0000000087400000, 0x0000000087400000, 0x0000000087500000|  0%| F|  |TAMS 0x0000000087400000, 0x0000000087400000| Untracked 
|  67|0x0000000087500000, 0x0000000087500000, 0x0000000087600000|  0%| F|  |TAMS 0x0000000087500000, 0x0000000087500000| Untracked 
|  68|0x0000000087600000, 0x0000000087600000, 0x0000000087700000|  0%| F|  |TAMS 0x0000000087600000, 0x0000000087600000| Untracked 
|  69|0x0000000087700000, 0x0000000087700000, 0x0000000087800000|  0%| F|  |TAMS 0x0000000087700000, 0x0000000087700000| Untracked 
|  70|0x0000000087800000, 0x0000000087800000, 0x0000000087900000|  0%| F|  |TAMS 0x0000000087800000, 0x0000000087800000| Untracked 
|  71|0x0000000087900000, 0x0000000087900000, 0x0000000087a00000|  0%| F|  |TAMS 0x0000000087900000, 0x0000000087900000| Untracked 
|  72|0x0000000087a00000, 0x0000000087a00000, 0x0000000087b00000|  0%| F|  |TAMS 0x0000000087a00000, 0x0000000087a00000| Untracked 
|  73|0x0000000087b00000, 0x0000000087b00000, 0x0000000087c00000|  0%| F|  |TAMS 0x0000000087b00000, 0x0000000087b00000| Untracked 
|  74|0x0000000087c00000, 0x0000000087c00000, 0x0000000087d00000|  0%| F|  |TAMS 0x0000000087c00000, 0x0000000087c00000| Untracked 
|  75|0x0000000087d00000, 0x0000000087d00000, 0x0000000087e00000|  0%| F|  |TAMS 0x0000000087d00000, 0x0000000087d00000| Untracked 
|  76|0x0000000087e00000, 0x0000000087e00000, 0x0000000087f00000|  0%| F|  |TAMS 0x0000000087e00000, 0x0000000087e00000| Untracked 
|  77|0x0000000087f00000, 0x0000000087f00000, 0x0000000088000000|  0%| F|  |TAMS 0x0000000087f00000, 0x0000000087f00000| Untracked 
|  78|0x0000000088000000, 0x0000000088000000, 0x0000000088100000|  0%| F|  |TAMS 0x0000000088000000, 0x0000000088000000| Untracked 
|  79|0x0000000088100000, 0x0000000088100000, 0x0000000088200000|  0%| F|  |TAMS 0x0000000088100000, 0x0000000088100000| Untracked 
|  80|0x0000000088200000, 0x0000000088200000, 0x0000000088300000|  0%| F|  |TAMS 0x0000000088200000, 0x0000000088200000| Untracked 
|  81|0x0000000088300000, 0x0000000088300000, 0x0000000088400000|  0%| F|  |TAMS 0x0000000088300000, 0x0000000088300000| Untracked 
|  82|0x0000000088400000, 0x0000000088400000, 0x0000000088500000|  0%| F|  |TAMS 0x0000000088400000, 0x0000000088400000| Untracked 
|  83|0x0000000088500000, 0x0000000088500000, 0x0000000088600000|  0%| F|  |TAMS 0x0000000088500000, 0x0000000088500000| Untracked 
|  84|0x0000000088600000, 0x0000000088600000, 0x0000000088700000|  0%| F|  |TAMS 0x0000000088600000, 0x0000000088600000| Untracked 
|  85|0x0000000088700000, 0x0000000088700000, 0x0000000088800000|  0%| F|  |TAMS 0x0000000088700000, 0x0000000088700000| Untracked 
|  86|0x0000000088800000, 0x0000000088800000, 0x0000000088900000|  0%| F|  |TAMS 0x0000000088800000, 0x0000000088800000| Untracked 
|  87|0x0000000088900000, 0x0000000088900000, 0x0000000088a00000|  0%| F|  |TAMS 0x0000000088900000, 0x0000000088900000| Untracked 
|  88|0x0000000088a00000, 0x0000000088a00000, 0x0000000088b00000|  0%| F|  |TAMS 0x0000000088a00000, 0x0000000088a00000| Untracked 
|  89|0x0000000088b00000, 0x0000000088b00000, 0x0000000088c00000|  0%| F|  |TAMS 0x0000000088b00000, 0x0000000088b00000| Untracked 
|  90|0x0000000088c00000, 0x0000000088c00000, 0x0000000088d00000|  0%| F|  |TAMS 0x0000000088c00000, 0x0000000088c00000| Untracked 
|  91|0x0000000088d00000, 0x0000000088d00000, 0x0000000088e00000|  0%| F|  |TAMS 0x0000000088d00000, 0x0000000088d00000| Untracked 
|  92|0x0000000088e00000, 0x0000000088e00000, 0x0000000088f00000|  0%| F|  |TAMS 0x0000000088e00000, 0x0000000088e00000| Untracked 
|  93|0x0000000088f00000, 0x0000000088f00000, 0x0000000089000000|  0%| F|  |TAMS 0x0000000088f00000, 0x0000000088f00000| Untracked 
|  94|0x0000000089000000, 0x0000000089000000, 0x0000000089100000|  0%| F|  |TAMS 0x0000000089000000, 0x0000000089000000| Untracked 
|  95|0x0000000089100000, 0x0000000089100000, 0x0000000089200000|  0%| F|  |TAMS 0x0000000089100000, 0x0000000089100000| Untracked 
|  96|0x0000000089200000, 0x0000000089200000, 0x0000000089300000|  0%| F|  |TAMS 0x0000000089200000, 0x0000000089200000| Untracked 
|  97|0x0000000089300000, 0x0000000089300000, 0x0000000089400000|  0%| F|  |TAMS 0x0000000089300000, 0x0000000089300000| Untracked 
|  98|0x0000000089400000, 0x0000000089400000, 0x0000000089500000|  0%| F|  |TAMS 0x0000000089400000, 0x0000000089400000| Untracked 
|  99|0x0000000089500000, 0x0000000089500000, 0x0000000089600000|  0%| F|  |TAMS 0x0000000089500000, 0x0000000089500000| Untracked 
| 100|0x0000000089600000, 0x0000000089600000, 0x0000000089700000|  0%| F|  |TAMS 0x0000000089600000, 0x0000000089600000| Untracked 
| 101|0x0000000089700000, 0x0000000089700000, 0x0000000089800000|  0%| F|  |TAMS 0x0000000089700000, 0x0000000089700000| Untracked 
| 102|0x0000000089800000, 0x0000000089800000, 0x0000000089900000|  0%| F|  |TAMS 0x0000000089800000, 0x0000000089800000| Untracked 
| 103|0x0000000089900000, 0x0000000089900000, 0x0000000089a00000|  0%| F|  |TAMS 0x0000000089900000, 0x0000000089900000| Untracked 
| 104|0x0000000089a00000, 0x0000000089a00000, 0x0000000089b00000|  0%| F|  |TAMS 0x0000000089a00000, 0x0000000089a00000| Untracked 
| 105|0x0000000089b00000, 0x0000000089b00000, 0x0000000089c00000|  0%| F|  |TAMS 0x0000000089b00000, 0x0000000089b00000| Untracked 
| 106|0x0000000089c00000, 0x0000000089c00000, 0x0000000089d00000|  0%| F|  |TAMS 0x0000000089c00000, 0x0000000089c00000| Untracked 
| 107|0x0000000089d00000, 0x0000000089d00000, 0x0000000089e00000|  0%| F|  |TAMS 0x0000000089d00000, 0x0000000089d00000| Untracked 
| 108|0x0000000089e00000, 0x0000000089f00000, 0x0000000089f00000|100%| S|CS|TAMS 0x0000000089e00000, 0x0000000089e00000| Complete 
| 109|0x0000000089f00000, 0x000000008a000000, 0x000000008a000000|100%| S|CS|TAMS 0x0000000089f00000, 0x0000000089f00000| Complete 
| 110|0x000000008a000000, 0x000000008a000000, 0x000000008a100000|  0%| F|  |TAMS 0x000000008a000000, 0x000000008a000000| Untracked 
| 111|0x000000008a100000, 0x000000008a200000, 0x000000008a200000|100%| E|  |TAMS 0x000000008a100000, 0x000000008a100000| Complete 
| 112|0x000000008a200000, 0x000000008a300000, 0x000000008a300000|100%| E|CS|TAMS 0x000000008a200000, 0x000000008a200000| Complete 
| 113|0x000000008a300000, 0x000000008a400000, 0x000000008a400000|100%| E|CS|TAMS 0x000000008a300000, 0x000000008a300000| Complete 
| 114|0x000000008a400000, 0x000000008a500000, 0x000000008a500000|100%| E|CS|TAMS 0x000000008a400000, 0x000000008a400000| Complete 
| 115|0x000000008a500000, 0x000000008a600000, 0x000000008a600000|100%| E|CS|TAMS 0x000000008a500000, 0x000000008a500000| Complete 
| 116|0x000000008a600000, 0x000000008a700000, 0x000000008a700000|100%| E|CS|TAMS 0x000000008a600000, 0x000000008a600000| Complete 
| 117|0x000000008a700000, 0x000000008a800000, 0x000000008a800000|100%| E|CS|TAMS 0x000000008a700000, 0x000000008a700000| Complete 
| 118|0x000000008a800000, 0x000000008a900000, 0x000000008a900000|100%| E|CS|TAMS 0x000000008a800000, 0x000000008a800000| Complete 
| 119|0x000000008a900000, 0x000000008aa00000, 0x000000008aa00000|100%| E|CS|TAMS 0x000000008a900000, 0x000000008a900000| Complete 
| 120|0x000000008aa00000, 0x000000008ab00000, 0x000000008ab00000|100%| E|CS|TAMS 0x000000008aa00000, 0x000000008aa00000| Complete 
| 121|0x000000008ab00000, 0x000000008ac00000, 0x000000008ac00000|100%| E|CS|TAMS 0x000000008ab00000, 0x000000008ab00000| Complete 
| 122|0x000000008ac00000, 0x000000008ad00000, 0x000000008ad00000|100%| E|CS|TAMS 0x000000008ac00000, 0x000000008ac00000| Complete 
| 123|0x000000008ad00000, 0x000000008ae00000, 0x000000008ae00000|100%| E|CS|TAMS 0x000000008ad00000, 0x000000008ad00000| Complete 
| 124|0x000000008ae00000, 0x000000008af00000, 0x000000008af00000|100%| E|CS|TAMS 0x000000008ae00000, 0x000000008ae00000| Complete 
| 125|0x000000008af00000, 0x000000008b000000, 0x000000008b000000|100%| E|CS|TAMS 0x000000008af00000, 0x000000008af00000| Complete 

Card table byte_map: [0x0000024377ae0000,0x0000024377ed0000] _byte_map_base: 0x00000243776c7000

Marking Bits (Prev, Next): (CMBitMap*) 0x0000024360e15f50, (CMBitMap*) 0x0000024360e15f90
 Prev Bits: [0x00000243782c0000, 0x000002437a1f8000)
 Next Bits: [0x000002437a200000, 0x000002437c138000)

Polling page: 0x000002435edb0000

Metaspace:

Usage:
  Non-class:     12.57 MB used.
      Class:      1.67 MB used.
       Both:     14.24 MB used.

Virtual space:
  Non-class space:       64.00 MB reserved,      12.69 MB ( 20%) committed,  1 nodes.
      Class space:        1.00 GB reserved,       1.81 MB ( <1%) committed,  1 nodes.
             Both:        1.06 GB reserved,      14.50 MB (  1%) committed. 

Chunk freelists:
   Non-Class:  2.98 MB
       Class:  2.14 MB
        Both:  5.12 MB

MaxMetaspaceSize: unlimited
CompressedClassSpaceSize: 1.00 GB
Initial GC threshold: 21.00 MB
Current GC threshold: 21.00 MB
CDS: on
MetaspaceReclaimPolicy: balanced
 - commit_granule_bytes: 65536.
 - commit_granule_words: 8192.
 - virtual_space_node_default_size: 8388608.
 - enlarge_chunks_in_place: 1.
 - new_chunks_are_fully_committed: 0.
 - uncommit_free_chunks: 1.
 - use_allocation_guard: 0.


Internal statistics:

num_allocs_failed_limit: 0.
num_arena_births: 194.
num_arena_deaths: 0.
num_vsnodes_births: 2.
num_vsnodes_deaths: 0.
num_space_committed: 232.
num_space_uncommitted: 0.
num_chunks_returned_to_freelist: 0.
num_chunks_taken_from_freelist: 525.
num_chunk_merges: 0.
num_chunk_splits: 337.
num_chunks_enlarged: 261.
num_inconsistent_stats: 0.

CodeHeap 'non-profiled nmethods': size=120000Kb used=651Kb max_used=651Kb free=119348Kb
 bounds [0x00000243701c0000, 0x0000024370430000, 0x00000243776f0000]
CodeHeap 'profiled nmethods': size=120000Kb used=3684Kb max_used=3684Kb free=116315Kb
 bounds [0x0000024368c90000, 0x0000024369030000, 0x00000243701c0000]
CodeHeap 'non-nmethods': size=5760Kb used=1248Kb max_used=1278Kb free=4511Kb
 bounds [0x00000243686f0000, 0x0000024368960000, 0x0000024368c90000]
 total_blobs=2430 nmethods=1898 adapters=444
 compilation: enabled
              stopped_count=0, restarted_count=0
 full_count=0

Compilation events (20 events):
Event: 3.043 Thread 0x000002437e607a60 1890       3       java.net.URI$Parser::scan (76 bytes)
Event: 3.044 Thread 0x000002437e607a60 nmethod 1890 0x0000024369025390 code [0x00000243690255c0, 0x0000024369025e78]
Event: 3.044 Thread 0x000002437e607a60 1891       3       java.util.Collections$UnmodifiableCollection$1::next (10 bytes)
Event: 3.044 Thread 0x000002437e607a60 nmethod 1891 0x0000024369026290 code [0x0000024369026440, 0x0000024369026608]
Event: 3.044 Thread 0x000002437e607a60 1892       3       sun.nio.ch.Util::offerFirstTemporaryDirectBuffer (53 bytes)
Event: 3.044 Thread 0x000002437e607a60 nmethod 1892 0x0000024369026710 code [0x0000024369026960, 0x0000024369027358]
Event: 3.044 Thread 0x000002437e607a60 1893       3       sun.nio.ch.Util::isBufferTooLarge (8 bytes)
Event: 3.044 Thread 0x000002437e607a60 nmethod 1893 0x0000024369027610 code [0x00000243690277a0, 0x0000024369027978]
Event: 3.044 Thread 0x000002437e607a60 1894       3       sun.nio.ch.Util$BufferCache::offerFirst (73 bytes)
Event: 3.045 Thread 0x000002437e607a60 nmethod 1894 0x0000024369027a90 code [0x0000024369027c40, 0x0000024369027fb8]
Event: 3.045 Thread 0x000002437e607a60 1895   !   3       java.nio.DirectByteBuffer::address (53 bytes)
Event: 3.045 Thread 0x000002437e607a60 nmethod 1895 0x0000024369028110 code [0x0000024369028320, 0x0000024369028908]
Event: 3.045 Thread 0x000002437e607a60 1896       3       sun.nio.ch.NioSocketImpl::park (32 bytes)
Event: 3.045 Thread 0x000002437e607a60 nmethod 1896 0x0000024369028b10 code [0x0000024369028cc0, 0x0000024369028eb8]
Event: 3.045 Thread 0x000002437e607a60 1897       1       java.util.concurrent.locks.AbstractQueuedSynchronizer::getState (5 bytes)
Event: 3.045 Thread 0x000002437e607a60 nmethod 1897 0x0000024370262990 code [0x0000024370262b20, 0x0000024370262bf8]
Event: 5.479 Thread 0x000002437e607a60 1898       3       java.util.ArrayDeque::dec (13 bytes)
Event: 5.479 Thread 0x000002437e607a60 nmethod 1898 0x0000024369028f90 code [0x0000024369029120, 0x0000024369029258]
Event: 5.480 Thread 0x000002437e5fb010 1899       4       java.util.AbstractCollection::<init> (5 bytes)
Event: 5.480 Thread 0x000002437e607a60 1900       3       com.google.common.collect.AbstractMapEntry::<init> (5 bytes)

GC Heap History (4 events):
Event: 0.553 GC heap before
{Heap before GC invocations=0 (full 0):
 garbage-first heap   total 129024K, used 13312K [0x0000000083200000, 0x0000000100000000)
  region size 1024K, 13 young (13312K), 0 survivors (0K)
 Metaspace       used 5737K, committed 5952K, reserved 1114112K
  class space    used 605K, committed 704K, reserved 1048576K
}
Event: 0.557 GC heap after
{Heap after GC invocations=1 (full 0):
 garbage-first heap   total 129024K, used 4894K [0x0000000083200000, 0x0000000100000000)
  region size 1024K, 2 young (2048K), 2 survivors (2048K)
 Metaspace       used 5737K, committed 5952K, reserved 1114112K
  class space    used 605K, committed 704K, reserved 1048576K
}
Event: 0.884 GC heap before
{Heap before GC invocations=1 (full 0):
 garbage-first heap   total 129024K, used 18206K [0x0000000083200000, 0x0000000100000000)
  region size 1024K, 16 young (16384K), 2 survivors (2048K)
 Metaspace       used 10403K, committed 10624K, reserved 1114112K
  class space    used 1150K, committed 1216K, reserved 1048576K
}
Event: 0.888 GC heap after
{Heap after GC invocations=2 (full 0):
 garbage-first heap   total 129024K, used 7391K [0x0000000083200000, 0x0000000100000000)
  region size 1024K, 2 young (2048K), 2 survivors (2048K)
 Metaspace       used 10403K, committed 10624K, reserved 1114112K
  class space    used 1150K, committed 1216K, reserved 1048576K
}

Deoptimization events (20 events):
Event: 0.958 Thread 0x000002437f2da4f0 Uncommon trap: trap_request=0xffffff45 fr.pc=0x0000024370221ccc relative=0x00000000000000ac
Event: 0.958 Thread 0x000002437f2da4f0 Uncommon trap: reason=unstable_if action=reinterpret pc=0x0000024370221ccc method=java.lang.CharacterDataLatin1.digit(II)I @ 12 c2
Event: 0.958 Thread 0x000002437f2da4f0 DEOPT PACKING pc=0x0000024370221ccc sp=0x000000bcb62fec10
Event: 0.958 Thread 0x000002437f2da4f0 DEOPT UNPACKING pc=0x0000024368745c23 sp=0x000000bcb62feac8 mode 2
Event: 0.981 Thread 0x000002437f2da4f0 Uncommon trap: trap_request=0xffffff45 fr.pc=0x00000243702220c8 relative=0x00000000000000a8
Event: 0.981 Thread 0x000002437f2da4f0 Uncommon trap: reason=unstable_if action=reinterpret pc=0x00000243702220c8 method=java.lang.CharacterDataLatin1.digit(II)I @ 12 c2
Event: 0.981 Thread 0x000002437f2da4f0 DEOPT PACKING pc=0x00000243702220c8 sp=0x000000bcb62feb70
Event: 0.981 Thread 0x000002437f2da4f0 DEOPT UNPACKING pc=0x0000024368745c23 sp=0x000000bcb62feae8 mode 2
Event: 1.333 Thread 0x0000024360db4aa0 DEOPT PACKING pc=0x0000024368f97b7e sp=0x000000bcb44f9750
Event: 1.333 Thread 0x0000024360db4aa0 DEOPT UNPACKING pc=0x0000024368746763 sp=0x000000bcb44f8bc0 mode 0
Event: 1.371 Thread 0x0000024360db4aa0 DEOPT PACKING pc=0x0000024368f97b7e sp=0x000000bcb44f9880
Event: 1.371 Thread 0x0000024360db4aa0 DEOPT UNPACKING pc=0x0000024368746763 sp=0x000000bcb44f8cf0 mode 0
Event: 1.394 Thread 0x0000024360db4aa0 DEOPT PACKING pc=0x0000024368f97b7e sp=0x000000bcb44fb120
Event: 1.394 Thread 0x0000024360db4aa0 DEOPT UNPACKING pc=0x0000024368746763 sp=0x000000bcb44fa590 mode 0
Event: 1.416 Thread 0x0000024360db4aa0 DEOPT PACKING pc=0x0000024368f97b7e sp=0x000000bcb44f7870
Event: 1.416 Thread 0x0000024360db4aa0 DEOPT UNPACKING pc=0x0000024368746763 sp=0x000000bcb44f6ce0 mode 0
Event: 2.787 Thread 0x0000024360db4aa0 Uncommon trap: trap_request=0xffffff45 fr.pc=0x0000024370220cc8 relative=0x0000000000000d28
Event: 2.787 Thread 0x0000024360db4aa0 Uncommon trap: reason=unstable_if action=reinterpret pc=0x0000024370220cc8 method=java.util.concurrent.ConcurrentHashMap.putVal(Ljava/lang/Object;Ljava/lang/Object;Z)Ljava/lang/Object; @ 256 c2
Event: 2.787 Thread 0x0000024360db4aa0 DEOPT PACKING pc=0x0000024370220cc8 sp=0x000000bcb44fd300
Event: 2.787 Thread 0x0000024360db4aa0 DEOPT UNPACKING pc=0x0000024368745c23 sp=0x000000bcb44fd268 mode 2

Classes loaded (20 events):
Event: 2.796 Loading class sun/util/logging/resources/logging
Event: 2.797 Loading class sun/util/logging/resources/logging done
Event: 2.797 Loading class sun/util/logging/resources/logging_en
Event: 2.797 Loading class sun/util/logging/resources/logging_en done
Event: 2.797 Loading class sun/util/logging/resources/logging_en
Event: 2.797 Loading class sun/util/logging/resources/logging_en done
Event: 2.797 Loading class sun/util/logging/resources/logging_en_US
Event: 2.797 Loading class sun/util/logging/resources/logging_en_US done
Event: 2.797 Loading class sun/util/logging/resources/logging_en_US
Event: 2.797 Loading class sun/util/logging/resources/logging_en_US done
Event: 2.797 Loading class java/util/Formatter$DateTime
Event: 2.798 Loading class java/util/Formatter$DateTime done
Event: 2.798 Loading class java/time/ZonedDateTime$1
Event: 2.798 Loading class java/time/ZonedDateTime$1 done
Event: 2.803 Loading class sun/text/resources/cldr/FormatData_en
Event: 2.804 Loading class sun/text/resources/cldr/FormatData_en done
Event: 2.804 Loading class sun/text/resources/cldr/FormatData_en_US
Event: 2.804 Loading class sun/text/resources/cldr/FormatData_en_US done
Event: 3.036 Loading class java/util/concurrent/TimeUnit$1
Event: 3.036 Loading class java/util/concurrent/TimeUnit$1 done

Classes unloaded (0 events):
No events

Classes redefined (0 events):
No events

Internal exceptions (20 events):
Event: 1.013 Thread 0x000002437f2da4f0 Exception <a 'java/net/ConnectException'{0x000000008adf2d30}: Connection refused: no further information> (0x000000008adf2d30) 
thrown [s\open\src\hotspot\share\prims\jni.cpp, line 535]
Event: 1.013 Thread 0x000002437f2da4f0 Exception <a 'java/net/SocketException'{0x000000008adf3068}: Socket is not connected: shutdown> (0x000000008adf3068) 
thrown [s\open\src\hotspot\share\prims\jni.cpp, line 535]
Event: 1.060 Thread 0x000002437f2da4f0 Exception <a 'java/net/ConnectException'{0x000000008adf3f80}: Connection refused: no further information> (0x000000008adf3f80) 
thrown [s\open\src\hotspot\share\prims\jni.cpp, line 535]
Event: 1.060 Thread 0x000002437f2da4f0 Exception <a 'java/net/SocketException'{0x000000008adf42b8}: Socket is not connected: shutdown> (0x000000008adf42b8) 
thrown [s\open\src\hotspot\share\prims\jni.cpp, line 535]
Event: 1.155 Thread 0x000002437f2da4f0 Exception <a 'java/net/ConnectException'{0x000000008adf51d0}: Connection refused: no further information> (0x000000008adf51d0) 
thrown [s\open\src\hotspot\share\prims\jni.cpp, line 535]
Event: 1.156 Thread 0x000002437f2da4f0 Exception <a 'java/net/SocketException'{0x000000008adf5508}: Socket is not connected: shutdown> (0x000000008adf5508) 
thrown [s\open\src\hotspot\share\prims\jni.cpp, line 535]
Event: 1.349 Thread 0x0000024360db4aa0 Exception <a 'java/lang/NoSuchMethodError'{0x000000008ab12ad8}: 'java.lang.Object java.lang.invoke.DirectMethodHandle$Holder.invokeInterface(java.lang.Object, java.lang.Object, java.lang.Object)'> (0x000000008ab12ad8) 
thrown [s\open\src\hotspot\share\interpreter\linkResolver.cpp, line 766]
Event: 1.349 Thread 0x0000024360db4aa0 Exception <a 'java/lang/IncompatibleClassChangeError'{0x000000008ab16458}: Found class java.lang.Object, but interface was expected> (0x000000008ab16458) 
thrown [s\open\src\hotspot\share\interpreter\linkResolver.cpp, line 833]
Event: 1.350 Thread 0x0000024360db4aa0 Exception <a 'java/lang/NoSuchMethodError'{0x000000008ab1efc8}: 'int java.lang.invoke.DirectMethodHandle$Holder.invokeSpecialIFC(java.lang.Object, java.lang.Object, java.lang.Object, java.lang.Object)'> (0x000000008ab1efc8) 
thrown [s\open\src\hotspot\share\interpreter\linkResolver.cpp, line 766]
Event: 1.351 Thread 0x0000024360db4aa0 Exception <a 'java/lang/NoSuchMethodError'{0x000000008ab272b0}: 'java.lang.Object java.lang.invoke.DirectMethodHandle$Holder.invokeInterface(java.lang.Object, java.lang.Object, java.lang.Object, java.lang.Object)'> (0x000000008ab272b0) 
thrown [s\open\src\hotspot\share\interpreter\linkResolver.cpp, line 766]
Event: 1.357 Thread 0x0000024360db4aa0 Exception <a 'java/lang/NoSuchMethodError'{0x000000008ab4cd78}: 'java.lang.Object java.lang.invoke.DirectMethodHandle$Holder.invokeVirtual(java.lang.Object, java.lang.Object, java.lang.Object)'> (0x000000008ab4cd78) 
thrown [s\open\src\hotspot\share\interpreter\linkResolver.cpp, line 766]
Event: 1.373 Thread 0x0000024360db4aa0 Exception <a 'java/lang/NoSuchMethodError'{0x000000008abbaf68}: 'void java.lang.invoke.DirectMethodHandle$Holder.invokeInterface(java.lang.Object, java.lang.Object, java.lang.Object)'> (0x000000008abbaf68) 
thrown [s\open\src\hotspot\share\interpreter\linkResolver.cpp, line 766]
Event: 1.382 Thread 0x0000024360db4aa0 Exception <a 'java/lang/NoSuchMethodError'{0x000000008aa11a80}: 'double java.lang.invoke.DirectMethodHandle$Holder.invokeVirtual(java.lang.Object, java.lang.Object)'> (0x000000008aa11a80) 
thrown [s\open\src\hotspot\share\interpreter\linkResolver.cpp, line 766]
Event: 1.383 Thread 0x0000024360db4aa0 Exception <a 'java/lang/NoSuchMethodError'{0x000000008aa18660}: 'float java.lang.invoke.DirectMethodHandle$Holder.invokeVirtual(java.lang.Object, java.lang.Object)'> (0x000000008aa18660) 
thrown [s\open\src\hotspot\share\interpreter\linkResolver.cpp, line 766]
Event: 1.383 Thread 0x0000024360db4aa0 Exception <a 'java/lang/NoSuchMethodError'{0x000000008aa218c0}: 'long java.lang.invoke.DirectMethodHandle$Holder.invokeVirtual(java.lang.Object, java.lang.Object)'> (0x000000008aa218c0) 
thrown [s\open\src\hotspot\share\interpreter\linkResolver.cpp, line 766]
Event: 1.407 Thread 0x0000024360db4aa0 Exception <a 'java/lang/NoSuchMethodError'{0x000000008a95ff60}: 'void java.lang.invoke.DirectMethodHandle$Holder.invokeSpecial(java.lang.Object, java.lang.Object, java.lang.Object, java.lang.Object, java.lang.Object)'> (0x000000008a95ff60) 
thrown [s\open\src\hotspot\share\interpreter\linkResolver.cpp, line 766]
Event: 1.422 Thread 0x0000024360db4aa0 Exception <a 'java/lang/NoSuchMethodError'{0x000000008a8152a0}: 'java.lang.Object java.lang.invoke.DirectMethodHandle$Holder.newInvokeSpecial(java.lang.Object, java.lang.Object, java.lang.Object, java.lang.Object, java.lang.Object)'> (0x000000008a8152a0) 
thrown [s\open\src\hotspot\share\interpreter\linkResolver.cpp, line 766]
Event: 2.762 Thread 0x0000024360db4aa0 Exception <a 'java/lang/NoSuchMethodError'{0x000000008a24b0a0}: 'java.lang.Object java.lang.invoke.DirectMethodHandle$Holder.invokeSpecialIFC(java.lang.Object, java.lang.Object, java.lang.Object)'> (0x000000008a24b0a0) 
thrown [s\open\src\hotspot\share\interpreter\linkResolver.cpp, line 766]
Event: 2.791 Thread 0x0000024360db4aa0 Exception <a 'java/lang/NoSuchMethodError'{0x000000008a2c7330}: 'void java.lang.invoke.DirectMethodHandle$Holder.invokeSpecial(java.lang.Object, java.lang.Object, java.lang.Object)'> (0x000000008a2c7330) 
thrown [s\open\src\hotspot\share\interpreter\linkResolver.cpp, line 766]
Event: 2.796 Thread 0x0000024360db4aa0 Exception <a 'java/lang/ClassNotFoundException'{0x000000008a2eb0c8}: sun/util/logging/resources/spi/loggingProvider> (0x000000008a2eb0c8) 
thrown [s\open\src\hotspot\share\classfile\systemDictionary.cpp, line 255]

VM Operations (20 events):
Event: 0.553 Executing VM operation: G1CollectForAllocation
Event: 0.557 Executing VM operation: G1CollectForAllocation done
Event: 0.679 Executing VM operation: HandshakeAllThreads
Event: 0.679 Executing VM operation: HandshakeAllThreads done
Event: 0.713 Executing VM operation: HandshakeAllThreads
Event: 0.713 Executing VM operation: HandshakeAllThreads done
Event: 0.867 Executing VM operation: HandshakeAllThreads
Event: 0.867 Executing VM operation: HandshakeAllThreads done
Event: 0.884 Executing VM operation: G1CollectForAllocation
Event: 0.888 Executing VM operation: G1CollectForAllocation done
Event: 1.327 Executing VM operation: HandshakeAllThreads
Event: 1.327 Executing VM operation: HandshakeAllThreads done
Event: 1.330 Executing VM operation: HandshakeAllThreads
Event: 1.330 Executing VM operation: HandshakeAllThreads done
Event: 2.339 Executing VM operation: Cleanup
Event: 2.339 Executing VM operation: Cleanup done
Event: 2.775 Executing VM operation: HandshakeAllThreads
Event: 2.775 Executing VM operation: HandshakeAllThreads done
Event: 3.787 Executing VM operation: Cleanup
Event: 3.787 Executing VM operation: Cleanup done

Events (20 events):
Event: 0.072 Loaded shared library C:\Program Files\Java\jdk-18.0.1.1\bin\nio.dll
Event: 0.076 Loaded shared library C:\Program Files\Java\jdk-18.0.1.1\bin\zip.dll
Event: 0.172 Loaded shared library C:\Program Files\Java\jdk-18.0.1.1\bin\jimage.dll
Event: 0.243 Thread 0x000002437ec83420 Thread added: 0x000002437ec83420
Event: 0.524 Loaded shared library C:\Program Files\Java\jdk-18.0.1.1\bin\verify.dll
Event: 0.613 Thread 0x000002437f1a7c60 Thread added: 0x000002437f1a7c60
Event: 0.614 Thread 0x000002437edbfd80 Thread added: 0x000002437edbfd80
Event: 0.614 Thread 0x000002437edc0240 Thread added: 0x000002437edc0240
Event: 0.726 Thread 0x00000243040429b0 Thread added: 0x00000243040429b0
Event: 0.825 Loaded shared library C:\Program Files\Java\jdk-18.0.1.1\bin\sunmscapi.dll
Event: 0.950 Thread 0x000002437f2d8020 Thread added: 0x000002437f2d8020
Event: 0.954 Thread 0x000002437f2da4f0 Thread added: 0x000002437f2da4f0
Event: 0.963 Thread 0x000002437f2db000 Thread added: 0x000002437f2db000
Event: 0.963 Thread 0x0000024304090c50 Thread added: 0x0000024304090c50
Event: 1.215 Thread 0x00000243040429b0 Thread exited: 0x00000243040429b0
Event: 1.329 Thread 0x00000243040915f0 Thread added: 0x00000243040915f0
Event: 1.511 Thread 0x0000024304145730 Thread added: 0x0000024304145730
Event: 1.553 Thread 0x0000024304090780 Thread added: 0x0000024304090780
Event: 1.556 Thread 0x000002430408f910 Thread added: 0x000002430408f910
Event: 2.715 Thread 0x0000024304145730 Thread exited: 0x0000024304145730


Dynamic libraries:
0x00007ff65f7b0000 - 0x00007ff65f7c0000 	C:\Program Files\Java\jdk-18.0.1.1\bin\javaw.exe
0x00007fff36dc0000 - 0x00007fff36fc9000 	C:\WINDOWS\SYSTEM32\ntdll.dll
0x00007fff353f0000 - 0x00007fff354ad000 	C:\WINDOWS\System32\KERNEL32.DLL
0x00007fff34320000 - 0x00007fff34699000 	C:\WINDOWS\System32\KERNELBASE.dll
0x00007fff346a0000 - 0x00007fff347b1000 	C:\WINDOWS\System32\ucrtbase.dll
0x00007fff286e0000 - 0x00007fff286fa000 	C:\Program Files\Java\jdk-18.0.1.1\bin\VCRUNTIME140.dll
0x00007fff28510000 - 0x00007fff28528000 	C:\Program Files\Java\jdk-18.0.1.1\bin\jli.dll
0x00007fff35dc0000 - 0x00007fff35e6e000 	C:\WINDOWS\System32\ADVAPI32.dll
0x00007fff34f00000 - 0x00007fff34fa3000 	C:\WINDOWS\System32\msvcrt.dll
0x00007fff36ae0000 - 0x00007fff36b7e000 	C:\WINDOWS\System32\sechost.dll
0x00007fff34db0000 - 0x00007fff34ed0000 	C:\WINDOWS\System32\RPCRT4.dll
0x00007fff35100000 - 0x00007fff352ac000 	C:\WINDOWS\System32\USER32.dll
0x00007fff349a0000 - 0x00007fff349c6000 	C:\WINDOWS\System32\win32u.dll
0x00007fff33530000 - 0x00007fff337d5000 	C:\WINDOWS\WinSxS\amd64_microsoft.windows.common-controls_6595b64144ccf1df_6.0.22000.120_none_9d947278b86cc467\COMCTL32.dll
0x00007fff35d90000 - 0x00007fff35db9000 	C:\WINDOWS\System32\GDI32.dll
0x00007fff34a70000 - 0x00007fff34b82000 	C:\WINDOWS\System32\gdi32full.dll
0x00007fff349d0000 - 0x00007fff34a6d000 	C:\WINDOWS\System32\msvcp_win.dll
0x00007fff30980000 - 0x00007fff3098a000 	C:\WINDOWS\SYSTEM32\VERSION.dll
0x00007fff34cc0000 - 0x00007fff34cf1000 	C:\WINDOWS\System32\IMM32.DLL
0x00007fff2c1e0000 - 0x00007fff2c1ec000 	C:\Program Files\Java\jdk-18.0.1.1\bin\vcruntime140_1.dll
0x00007ffeea630000 - 0x00007ffeea6bd000 	C:\Program Files\Java\jdk-18.0.1.1\bin\msvcp140.dll
0x00007ffeb5e00000 - 0x00007ffeb6a10000 	C:\Program Files\Java\jdk-18.0.1.1\bin\server\jvm.dll
0x00007fff34ed0000 - 0x00007fff34ed8000 	C:\WINDOWS\System32\PSAPI.DLL
0x00007fff16d50000 - 0x00007fff16d59000 	C:\WINDOWS\SYSTEM32\WSOCK32.dll
0x00007fff36d10000 - 0x00007fff36d7f000 	C:\WINDOWS\System32\WS2_32.dll
0x00007fff30b00000 - 0x00007fff30b33000 	C:\WINDOWS\SYSTEM32\WINMM.dll
0x00007fff32510000 - 0x00007fff32528000 	C:\WINDOWS\SYSTEM32\kernel.appcore.dll
0x00007fff282c0000 - 0x00007fff282ca000 	C:\Program Files\Java\jdk-18.0.1.1\bin\jimage.dll
0x00007fff33cd0000 - 0x00007fff33ef1000 	C:\WINDOWS\SYSTEM32\DBGHELP.DLL
0x00007fff33ac0000 - 0x00007fff33af1000 	C:\WINDOWS\SYSTEM32\dbgcore.DLL
0x00007fff342a0000 - 0x00007fff3431f000 	C:\WINDOWS\System32\bcryptPrimitives.dll
0x00007fff1c8a0000 - 0x00007fff1c8c5000 	C:\Program Files\Java\jdk-18.0.1.1\bin\java.dll
0x00007ffedbcb0000 - 0x00007ffedbd86000 	C:\Program Files\Java\jdk-18.0.1.1\bin\jsvml.dll
0x00007fff354b0000 - 0x00007fff35c68000 	C:\WINDOWS\System32\SHELL32.dll
0x00007fff31520000 - 0x00007fff31d88000 	C:\WINDOWS\SYSTEM32\windows.storage.dll
0x00007fff36650000 - 0x00007fff369c9000 	C:\WINDOWS\System32\combase.dll
0x00007fff313b0000 - 0x00007fff31516000 	C:\WINDOWS\SYSTEM32\wintypes.dll
0x00007fff36c20000 - 0x00007fff36d0a000 	C:\WINDOWS\System32\SHCORE.dll
0x00007fff34c50000 - 0x00007fff34cad000 	C:\WINDOWS\System32\shlwapi.dll
0x00007fff341d0000 - 0x00007fff341f1000 	C:\WINDOWS\SYSTEM32\profapi.dll
0x00007fff25820000 - 0x00007fff25833000 	C:\Program Files\Java\jdk-18.0.1.1\bin\net.dll
0x00007fff2dfa0000 - 0x00007fff2e0ac000 	C:\WINDOWS\SYSTEM32\WINHTTP.dll
0x00007fff33270000 - 0x00007fff332d7000 	C:\WINDOWS\system32\mswsock.dll
0x00007fff257c0000 - 0x00007fff257d6000 	C:\Program Files\Java\jdk-18.0.1.1\bin\nio.dll
0x00007fff22050000 - 0x00007fff22068000 	C:\Program Files\Java\jdk-18.0.1.1\bin\zip.dll
0x00007fff32070000 - 0x00007fff32158000 	C:\WINDOWS\SYSTEM32\DNSAPI.dll
0x00007fff32040000 - 0x00007fff3206d000 	C:\WINDOWS\SYSTEM32\IPHLPAPI.DLL
0x00007fff36c10000 - 0x00007fff36c19000 	C:\WINDOWS\System32\NSI.dll
0x00007fff288c0000 - 0x00007fff288ca000 	C:\Windows\System32\rasadhlp.dll
0x00007fff2aae0000 - 0x00007fff2ab61000 	C:\WINDOWS\System32\fwpuclnt.dll
0x00007fff33f50000 - 0x00007fff33f68000 	C:\WINDOWS\SYSTEM32\CRYPTSP.dll
0x00007fff32470000 - 0x00007fff324a5000 	C:\WINDOWS\system32\rsaenh.dll
0x00007fff333f0000 - 0x00007fff33419000 	C:\WINDOWS\SYSTEM32\USERENV.dll
0x00007fff33c60000 - 0x00007fff33c87000 	C:\WINDOWS\SYSTEM32\bcrypt.dll
0x00007fff33420000 - 0x00007fff3342c000 	C:\WINDOWS\SYSTEM32\CRYPTBASE.dll
0x00007fff2df60000 - 0x00007fff2df79000 	C:\WINDOWS\SYSTEM32\dhcpcsvc6.DLL
0x00007fff2e4b0000 - 0x00007fff2e4ce000 	C:\WINDOWS\SYSTEM32\dhcpcsvc.DLL
0x00007fff25bd0000 - 0x00007fff25be0000 	C:\Program Files\Java\jdk-18.0.1.1\bin\verify.dll
0x00007fff22340000 - 0x00007fff2234e000 	C:\Program Files\Java\jdk-18.0.1.1\bin\sunmscapi.dll
0x00007fff347c0000 - 0x00007fff34922000 	C:\WINDOWS\System32\CRYPT32.dll
0x00007fff33500000 - 0x00007fff33528000 	C:\WINDOWS\SYSTEM32\ncrypt.dll
0x00007fff334c0000 - 0x00007fff334f7000 	C:\WINDOWS\SYSTEM32\NTASN1.dll

dbghelp: loaded successfully - version: 4.0.5 - missing functions: none
symbol engine: initialized successfully - sym options: 0x614 - pdb path: .;C:\Program Files\Java\jdk-18.0.1.1\bin;C:\WINDOWS\SYSTEM32;C:\WINDOWS\WinSxS\amd64_microsoft.windows.common-controls_6595b64144ccf1df_6.0.22000.120_none_9d947278b86cc467;C:\Program Files\Java\jdk-18.0.1.1\bin\server

VM Arguments:
jvm_args: -ea -Dfile.encoding=UTF-8 -XX:+ShowCodeDetailsInExceptionMessages 
java_command: org.testng.remote.RemoteTestNG -serport 57801 -protocol json -d C:\Users\91849\seleniumProject\Tide\test-output C:\Users\91849\seleniumProject\Tide\testng.xml
java_class_path (initial): C:\Users\91849\eclipse\java-2022-03\eclipse\configuration\org.eclipse.osgi\431\0\.cp\lib\testng-remote.jar;C:\Users\91849\seleniumProject\Tide\target\test-classes;C:\Users\91849\seleniumProject\Tide\target\classes;C:\Users\91849\.m2\repository\org\seleniumhq\selenium\selenium-java\3.141.59\selenium-java-3.141.59.jar;C:\Users\91849\.m2\repository\org\seleniumhq\selenium\selenium-api\3.141.59\selenium-api-3.141.59.jar;C:\Users\91849\.m2\repository\org\seleniumhq\selenium\selenium-chrome-driver\3.141.59\selenium-chrome-driver-3.141.59.jar;C:\Users\91849\.m2\repository\org\seleniumhq\selenium\selenium-edge-driver\3.141.59\selenium-edge-driver-3.141.59.jar;C:\Users\91849\.m2\repository\org\seleniumhq\selenium\selenium-firefox-driver\3.141.59\selenium-firefox-driver-3.141.59.jar;C:\Users\91849\.m2\repository\org\seleniumhq\selenium\selenium-ie-driver\3.141.59\selenium-ie-driver-3.141.59.jar;C:\Users\91849\.m2\repository\org\seleniumhq\selenium\selenium-opera-driver\3.141.59\selenium-opera-driver-3.141.59.jar;C:\Users\91849\.m2\repository\org\seleniumhq\selenium\selenium-remote-driver\3.141.59\selenium-remote-driver-3.141.59.jar;C:\Users\91849\.m2\repository\org\seleniumhq\selenium\selenium-safari-driver\3.141.59\selenium-safari-driver-3.141.59.jar;C:\Users\91849\.m2\repository\org\seleniumhq\selenium\selenium-support\3.141.59\selenium-support-3.141.59.jar;C:\Users\91849\.m2\repository\net\bytebuddy\byte-buddy\1.8.15\byte-buddy-1.8.15.jar;C:\Users\91849\.m2\repository\org\apache\commons\commons-exec\1.3\commons-exec-1.3.jar;C:\Users\91849\.m2\repository\com\google\guava\guava\25.0-jre\guava-25.0-jre.jar;C:\Users\91849\.m2\repository\com\google\code\findbugs\jsr305\1.3.9\jsr305-1.3.9.jar;C:\Users\91849\.m2\repository\org\checkerframework\checker-compat-qual\2.0.0\checker-compat-qual-2.0.0.jar;C:\Users\91849\.m2\repository\com\google\errorprone\error_prone_annotations\2.1.3\error_prone_annotations-2.1.3.jar;C:\Users\91849\.m2\repository\com\google\j2objc\j2objc-annotations\1.1\j2objc-annotations-1.1.jar;C:\Users\91849\.m2\repository\org\codehaus\mojo\animal-sniffer-annotations\1.14\animal-sniffer-annotations-1.14.jar;C:\Users\91849\.m2\repository\com\squareup\okhttp3\okhttp\3.11.0\okhttp-3.11.0.jar;C:\Users\91849\.m2\repository\com\squareup\okio\okio\1.14.0\okio-1.14.0.jar;C:\Users\91849\.m2\repository\org\testng\testng\7.4.0\testng-7.4.0.jar;C:\Users\91849\.m2\repository\com\beust\jcommander\1.78\jcommander-1.78.jar;C:\Users\91849\.m2\repository\org\webjars\jquery\3.5.1\jquery-3.5.1.jar;C:\Users\91849\.m2\repository\org\apache\poi\poi\3.17\poi-3.17.jar;C:\Users\91849\.m2\repository\commons-codec\commons-codec\1.10\commons-codec-1.10.jar;C:\Users\91849\.m2\repository\org\apache\commons\commons-collections4\4.1\commons-collections4-4.1.jar;C:\Users\91849\.m2\repository\org\apache\poi\poi-ooxml\3.17\poi-ooxml-3.17.jar;C:\Users\91849\.m2\repository\org\apache\poi\poi-ooxml-schemas\3.17\poi-ooxml-schemas-3.17.jar;C:\Users\91849\.m2\repository\org\apache\xmlbeans\xmlbeans\2.6.0\xmlbeans-2.6.0.jar;C:\Users\91849\.m2\repository\stax\stax-api\1.0.1\stax-api-1.0.1.jar;C:\Users\91849\.m2\repository\com\github\virtuald\curvesapi\1.04\curvesapi-1.04.jar;C:\Users\91849\.m2\repository\commons-io\commons-io\2.11.0\commons-io-2.11.0.jar;C:\Users\91849\.m2\repository\com\aventstack\extentreports\3.1.5\extentreports-3.1.5.jar;C:\Users\91849\.m2\repository\org\freemarker\freemarker\2.3.23\freemarker-2.3.23.jar;C:\Users\91849\.m2\repository\org\mongodb\mongodb-driver\3.3.0\mongodb-driver-3.3.0.jar;C:\Users\91849\.m2\repository\org\mongodb\bson\3.3.0\bson-3.3.0.jar;C:\Users\91849\.m2\repository\org\mongodb\mongodb-driver-core\3.3.0\mongodb-driver-core-3.3.0.jar;C:\Users\91849\.m2\repository\org\apache\httpcomponents\httpclient\4.5.2\httpclient-4.5.2.jar;C:\Users\91849\.m2\repository\org\apache\httpcomponents\httpcore\4.4.4\httpcore-4.4.4.jar;C:\Users\91849\.m2\repository\commons-logging\commons-logging\1.2\commons-logging-1.2.jar;C:\Users\91849\.m2\repository\org\apache\httpcomponents\httpmime\4.5.2\httpmime-4.5.2.jar;C:\Users\91849\.m2\repository\org\jsoup\jsoup\1.9.2\jsoup-1.9.2.jar;C:\Users\91849\.m2\repository\com\google\code\gson\gson\2.8.0\gson-2.8.0.jar
Launcher Type: SUN_STANDARD

[Global flags]
     intx CICompilerCount                          = 3                                         {product} {ergonomic}
     uint ConcGCThreads                            = 1                                         {product} {ergonomic}
     uint G1ConcRefinementThreads                  = 4                                         {product} {ergonomic}
   size_t G1HeapRegionSize                         = 1048576                                   {product} {ergonomic}
    uintx GCDrainStackTargetSize                   = 64                                        {product} {ergonomic}
   size_t InitialHeapSize                          = 132120576                                 {product} {ergonomic}
   size_t MarkStackSize                            = 4194304                                   {product} {ergonomic}
   size_t MaxHeapSize                              = 2095054848                                {product} {ergonomic}
   size_t MaxNewSize                               = 1256194048                                {product} {ergonomic}
   size_t MinHeapDeltaBytes                        = 1048576                                   {product} {ergonomic}
   size_t MinHeapSize                              = 8388608                                   {product} {ergonomic}
    uintx NonNMethodCodeHeapSize                   = 5832780                                {pd product} {ergonomic}
    uintx NonProfiledCodeHeapSize                  = 122912730                              {pd product} {ergonomic}
    uintx ProfiledCodeHeapSize                     = 122912730                              {pd product} {ergonomic}
    uintx ReservedCodeCacheSize                    = 251658240                              {pd product} {ergonomic}
     bool SegmentedCodeCache                       = true                                      {product} {ergonomic}
     bool ShowCodeDetailsInExceptionMessages       = true                                   {manageable} {command line}
   size_t SoftMaxHeapSize                          = 2095054848                             {manageable} {ergonomic}
     bool UseCompressedClassPointers               = true                           {product lp64_product} {ergonomic}
     bool UseCompressedOops                        = true                           {product lp64_product} {ergonomic}
     bool UseG1GC                                  = true                                      {product} {ergonomic}
     bool UseLargePagesIndividualAllocation        = false                                  {pd product} {ergonomic}

Logging:
Log output configuration:
 #0: stdout all=warning uptime,level,tags foldmultilines=false
 #1: stderr all=off uptime,level,tags foldmultilines=false

Environment Variables:
JAVA_HOME=C:\Program Files\Java\jdk-18.0.1.1
PATH=C:\app\91849\product\21c\dbhomeXE\bin;C:\Program Files\Common Files\Oracle\Java\javapath;C:\Program Files (x86)\Common Files\Oracle\Java\javapath;C:\WINDOWS\system32;C:\WINDOWS;C:\WINDOWS\System32\Wbem;C:\WINDOWS\System32\WindowsPowerShell\v1.0\;C:\WINDOWS\System32\OpenSSH\;C:\Android;C:\Windows\System32;C:\Program Files\Java\jdk-11.0.11\bin;C:\Program Files\Java\jdk-17.0.1\bin;C:\Program Files\Java\jdk-17.0.1\bin;C:\Program Files\Java\jdk-18.0.1.1\bin;C:\Program Files\MySQL\MySQL Shell 8.0\bin\;C:\Users\91849\AppData\Local\Microsoft\WindowsApps;C:\software\apache-maven-3.8.6\bin;C:\software\apache-maven-3.8.6\bin;
USERNAME=91849
OS=Windows_NT
PROCESSOR_IDENTIFIER=Intel64 Family 6 Model 140 Stepping 1, GenuineIntel



---------------  S Y S T E M  ---------------

OS:
 Windows 11 , 64 bit Build 22000 (10.0.22000.708)
OS uptime: 21 days 16:23 hours

CPU: total 4 (initial active 4) (2 cores per cpu, 2 threads per core) family 6 model 140 stepping 1 microcode 0x78, cx8, cmov, fxsr, ht, mmx, 3dnowpref, sse, sse2, sse3, ssse3, sse4.1, sse4.2, popcnt, lzcnt, tsc, tscinvbit, avx, avx2, aes, erms, clmul, bmi1, bmi2, adx, avx512f, avx512dq, avx512cd, avx512bw, avx512vl, sha, fma, vzeroupper, avx512_vpopcntdq, avx512_vpclmulqdq, avx512_vaes, avx512_vnni, clflush, clflushopt, clwb, avx512_vbmi2, avx512_vbmi

Memory: 4k page, system-wide physical 7991M (465M free)
TotalPageFile size 25231M (AvailPageFile size 1M)
current process WorkingSet (physical memory assigned to process): 84M, peak: 95M
current process commit charge ("private bytes"): 224M, peak: 235M

vm_info: Java HotSpot(TM) 64-Bit Server VM (18.0.1.1+2-6) for windows-amd64 JRE (18.0.1.1+2-6), built on Apr 25 2022 21:53:15 by "mach5one" with MS VC++ 16.8 / 16.9 (VS2019)

END.
